{"/Users/tonynaughton/projects/coveralls/src/Greeting.tsx": {"path":"/Users/tonynaughton/projects/coveralls/src/Greeting.tsx","statementMap":{"0":{"start":{"line":8,"column":42},"end":{"line":15,"column":1}},"1":{"start":{"line":9,"column":2},"end":{"line":14,"column":4}}},"fnMap":{"0":{"name":"(anonymous_0)","decl":{"start":{"line":8,"column":42},"end":{"line":8,"column":43}},"loc":{"start":{"line":8,"column":65},"end":{"line":15,"column":1}},"line":8}},"branchMap":{},"s":{"0":1,"1":1},"f":{"0":1},"b":{},"_coverageSchema":"1a1c01bbd47fc00a2c39e90264f33305004495a9","hash":"2432aefe07b2193741f40d174402f0c5c92af1a2"}
}
