{"/Users/tonynaughton/projects/coveralls/src/Greeting.tsx": {"path":"/Users/tonynaughton/projects/coveralls/src/Greeting.tsx","statementMap":{"0":{"start":{"line":7,"column":42},"end":{"line":9,"column":1}},"1":{"start":{"line":8,"column":2},"end":{"line":8,"column":33}}},"fnMap":{"0":{"name":"(anonymous_0)","decl":{"start":{"line":7,"column":42},"end":{"line":7,"column":43}},"loc":{"start":{"line":7,"column":56},"end":{"line":9,"column":1}},"line":7}},"branchMap":{},"s":{"0":1,"1":1},"f":{"0":1},"b":{},"_coverageSchema":"1a1c01bbd47fc00a2c39e90264f33305004495a9","hash":"6dc74b4ebdd7d264573d7695d34e46c5b0df4fc8"}
}
